#-----------------------------------------------------------
# Vivado v2024.2 (64-bit)
# SW Build 5239630 on Fri Nov 08 22:35:27 MST 2024
# IP Build 5239520 on Sun Nov 10 16:12:51 MST 2024
# SharedData Build 5239561 on Fri Nov 08 14:39:27 MST 2024
# Start of session at: Wed Mar 18 13:52:49 2026
# Process ID         : 32780
# Current directory  : C:/USAFA/Spring 2026/ECE281/ece281-lab4
# Command line       : vivado.exe -gui_launcher_event rodinguilauncherevent30688 C:\USAFA\Spring 2026\ECE281\ece281-lab4\lab4.xpr
# Log file           : C:/USAFA/Spring 2026/ECE281/ece281-lab4/vivado.log
# Journal file       : C:/USAFA/Spring 2026/ECE281/ece281-lab4\vivado.jou
# Running On         : C28-2TK41600RQ
# Platform           : Windows Server 2016 or Windows 10
# Operating System   : 22631
# Processor Detail   : AMD Ryzen 7 PRO 7840U w/ Radeon 780M Graphics  
# CPU Frequency      : 3294 MHz
# CPU Physical cores : 8
# CPU Logical cores  : 16
# Host memory        : 29827 MB
# Swap memory        : 4563 MB
# Total Virtual      : 34390 MB
# Available Virtual  : 14184 MB
#-----------------------------------------------------------
start_gui
open_project {C:/USAFA/Spring 2026/ECE281/ece281-lab4/lab4.xpr}
WARNING: [filemgmt 56-3] Board Part Repository Path: Could not find the directory 'C:/USAFA/Spring 2026/AppData/Roaming/Xilinx/Vivado/2024.2/xhub/board_store/xilinx_board_store'.
INFO: [filemgmt 56-3] Default IP Output Path : Could not find the directory 'C:/USAFA/Spring 2026/ECE281/ece281-lab4/lab4.gen/sources_1'.
WARNING: [filemgmt 56-3] IPUserFilesDir: Could not find the directory 'C:/USAFA/Spring 2026/ECE281/ece281-lab4/lab4.ip_user_files'.
Scanning sources...
Finished scanning sources
INFO: [IP_Flow 19-234] Refreshing IP repositories
INFO: [IP_Flow 19-1704] No user IP repositories specified
INFO: [IP_Flow 19-2313] Loaded Vivado IP repository 'C:/Xilinx/Vivado/2024.2/data/ip'.
open_project: Time (s): cpu = 00:00:03 ; elapsed = 00:00:07 . Memory (MB): peak = 1105.668 ; gain = 45.164
update_compile_order -fileset sources_1
exit
INFO: [Common 17-206] Exiting Vivado at Wed Mar 18 15:52:34 2026...
